2025-03-15 15:25:16.759 [info] Reading sessions from keychain...
2025-03-15 15:25:16.759 [info] Getting sessions for all scopes...
2025-03-15 15:25:16.759 [info] Getting sessions for all scopes...
2025-03-15 15:25:16.759 [info] Got 0 sessions for ...
2025-03-15 15:25:16.759 [info] Got 0 sessions for ...
2025-03-15 15:25:16.774 [info] Getting sessions for all scopes...
2025-03-15 15:25:16.774 [info] Got 0 sessions for ...
2025-03-15 15:25:16.774 [info] Getting sessions for all scopes...
2025-03-15 15:25:16.774 [info] Got 0 sessions for ...
2025-03-15 15:25:16.774 [info] Getting sessions for all scopes...
2025-03-15 15:25:16.775 [info] Got 0 sessions for ...
2025-03-15 15:25:16.775 [info] Getting sessions for all scopes...
2025-03-15 15:25:16.775 [info] Got 0 sessions for ...
2025-03-15 15:25:16.775 [info] Getting sessions for all scopes...
2025-03-15 15:25:16.775 [info] Got 0 sessions for ...
2025-03-15 15:25:18.695 [info] Getting sessions for all scopes...
2025-03-15 15:25:18.695 [info] Got 0 sessions for ...
2025-03-15 15:26:10.456 [info] Logging in with 'any' account...
2025-03-15 15:26:10.456 [info] Logging in for the following scopes: user:email
2025-03-15 15:26:10.472 [info] Trying without local server... (user:email)
2025-03-15 15:26:31.692 [info] Exchanging code for token...
2025-03-15 15:26:32.031 [info] Token exchange success!
2025-03-15 15:26:32.031 [info] Getting user info...
2025-03-15 15:26:32.379 [info] Got account info!
2025-03-15 15:26:32.380 [info] Storing 1 sessions...
2025-03-15 15:26:43.328 [info] Reading sessions from keychain...
2025-03-15 15:26:43.328 [info] Stored 1 sessions!
2025-03-15 15:26:43.328 [info] Login success!
2025-03-15 15:26:43.355 [info] Getting sessions for all scopes...
2025-03-15 15:26:43.355 [info] Got stored sessions!
2025-03-15 15:26:43.355 [info] Got 1 verified sessions.
2025-03-15 15:26:43.355 [info] Got 1 sessions for ...
2025-03-15 15:26:47.903 [info] Getting sessions for all scopes...
2025-03-15 15:26:47.903 [info] Got 1 sessions for ...
2025-03-15 15:26:47.903 [info] Getting sessions for all scopes...
2025-03-15 15:26:47.903 [info] Got 1 sessions for ...
2025-03-15 15:26:47.903 [info] Getting sessions for read:user,repo,user:email,workflow...
2025-03-15 15:26:47.903 [info] Got 0 sessions for read:user,repo,user:email,workflow...
2025-03-15 15:26:47.905 [info] Getting sessions for read:user,repo,user:email,workflow...
2025-03-15 15:26:47.905 [info] Got 0 sessions for read:user,repo,user:email,workflow...
2025-03-15 15:26:47.905 [info] Getting sessions for read:user...
2025-03-15 15:26:47.905 [info] Got 0 sessions for read:user...
2025-03-15 15:26:47.906 [info] Getting sessions for user:email...
2025-03-15 15:26:47.906 [info] Got 1 sessions for user:email...
2025-03-15 15:26:47.906 [info] Getting sessions for read:user,repo,user:email,workflow...
2025-03-15 15:26:47.906 [info] Got 0 sessions for read:user,repo,user:email,workflow...
2025-03-15 15:26:47.906 [info] Getting sessions for user:email...
2025-03-15 15:26:47.906 [info] Got 1 sessions for user:email...
2025-03-15 15:26:47.909 [info] Getting sessions for all scopes...
2025-03-15 15:26:47.909 [info] Got 1 sessions for ...
2025-03-15 15:26:47.914 [info] Getting sessions for read:user,repo,user:email,workflow...
2025-03-15 15:26:47.914 [info] Got 0 sessions for read:user,repo,user:email,workflow...
2025-03-15 15:26:48.661 [info] Getting sessions for user:email...
2025-03-15 15:26:48.661 [info] Got 1 sessions for user:email...
2025-03-15 15:26:48.663 [info] Getting sessions for all scopes...
2025-03-15 15:26:48.663 [info] Got 1 sessions for ...
2025-03-15 15:26:48.664 [info] Getting sessions for read:user,repo,user:email,workflow...
2025-03-15 15:26:48.664 [info] Got 0 sessions for read:user,repo,user:email,workflow...
2025-03-15 15:26:48.664 [info] Getting sessions for user:email...
2025-03-15 15:26:48.664 [info] Got 1 sessions for user:email...
2025-03-15 15:26:48.772 [info] Getting sessions for all scopes...
2025-03-15 15:26:48.772 [info] Got 1 sessions for ...
2025-03-15 15:26:48.773 [info] Getting sessions for read:user,repo,user:email,workflow...
2025-03-15 15:26:48.773 [info] Got 0 sessions for read:user,repo,user:email,workflow...
2025-03-15 15:26:48.774 [info] Getting sessions for user:email...
2025-03-15 15:26:48.774 [info] Got 1 sessions for user:email...
2025-03-15 15:26:49.136 [info] Getting sessions for all scopes...
2025-03-15 15:26:49.136 [info] Got 1 sessions for ...
2025-03-15 15:26:49.136 [info] Getting sessions for all scopes...
2025-03-15 15:26:49.136 [info] Got 1 sessions for ...
2025-03-15 15:26:49.143 [info] Getting sessions for read:user,repo,user:email,workflow...
2025-03-15 15:26:49.143 [info] Got 0 sessions for read:user,repo,user:email,workflow...
2025-03-15 15:26:49.143 [info] Getting sessions for user:email...
2025-03-15 15:26:49.143 [info] Got 1 sessions for user:email...
2025-03-15 15:26:49.143 [info] Getting sessions for read:user,repo,user:email,workflow...
2025-03-15 15:26:49.143 [info] Got 0 sessions for read:user,repo,user:email,workflow...
2025-03-15 15:26:49.145 [info] Getting sessions for all scopes...
2025-03-15 15:26:49.145 [info] Got 1 sessions for ...
2025-03-15 15:26:49.145 [info] Getting sessions for read:user,repo,user:email,workflow...
2025-03-15 15:26:49.145 [info] Got 0 sessions for read:user,repo,user:email,workflow...
2025-03-15 15:26:49.146 [info] Getting sessions for user:email...
2025-03-15 15:26:49.146 [info] Got 1 sessions for user:email...
2025-03-15 15:26:49.210 [info] Getting sessions for all scopes...
2025-03-15 15:26:49.210 [info] Got 1 sessions for ...
2025-03-15 15:26:49.213 [info] Getting sessions for all scopes...
2025-03-15 15:26:49.213 [info] Got 1 sessions for ...
2025-03-15 15:26:49.214 [info] Getting sessions for read:user,repo,user:email,workflow...
2025-03-15 15:26:49.214 [info] Got 0 sessions for read:user,repo,user:email,workflow...
2025-03-15 15:26:49.214 [info] Getting sessions for user:email...
2025-03-15 15:26:49.214 [info] Got 1 sessions for user:email...
2025-03-15 15:26:49.214 [info] Getting sessions for read:user,repo,user:email,workflow...
2025-03-15 15:26:49.214 [info] Got 0 sessions for read:user,repo,user:email,workflow...
2025-03-15 15:26:49.219 [info] Getting sessions for all scopes...
2025-03-15 15:26:49.219 [info] Got 1 sessions for ...
2025-03-15 15:26:49.220 [info] Getting sessions for read:user,repo,user:email,workflow...
2025-03-15 15:26:49.220 [info] Got 0 sessions for read:user,repo,user:email,workflow...
2025-03-15 15:26:49.221 [info] Getting sessions for user:email...
2025-03-15 15:26:49.221 [info] Got 1 sessions for user:email...
2025-03-15 15:26:49.730 [info] Getting sessions for all scopes...
2025-03-15 15:26:49.730 [info] Got 1 sessions for ...
2025-03-15 15:26:49.735 [info] Getting sessions for read:user,repo,user:email,workflow...
2025-03-15 15:26:49.735 [info] Got 0 sessions for read:user,repo,user:email,workflow...
2025-03-15 15:26:49.736 [info] Getting sessions for user:email...
2025-03-15 15:26:49.736 [info] Got 1 sessions for user:email...
