2024-09-10T15:05:40.756Z 0: 

----------------------------------------------
2024-09-10T15:05:40.760Z 1: Discord starting: {"releaseChannel":"stable","version":"0.0.67"}, modulepath: /home/antonioc/.config/discord/0.0.67/modules
2024-09-10T15:05:40.761Z 2: ✅ webContents.created web1 ""
2024-09-10T15:05:40.762Z 3: ✅ window.created win1 "discord"
2024-09-10T15:05:41.061Z 4: ✅ webContents.did-finish-load web1
2024-09-10T15:05:51.144Z 5: before-quit
2024-09-10T15:05:51.147Z 6: window.close win1
2024-09-10T15:06:05.076Z 0: 

----------------------------------------------
2024-09-10T15:06:05.081Z 1: Discord starting: {"releaseChannel":"stable","version":"0.0.67"}, modulepath: /home/antonioc/.config/discord/0.0.67/modules
2024-09-10T15:06:05.083Z 2: ✅ webContents.created web1 ""
2024-09-10T15:06:05.084Z 3: ✅ window.created win1 "discord"
2024-09-10T15:06:05.290Z 4: ✅ webContents.did-finish-load web1
2024-09-10T15:06:10.468Z 5: window.close win1
2024-09-10T15:06:10.472Z 6: webContents.destroyed web1
2024-09-10T15:06:50.167Z 0: 

----------------------------------------------
2024-09-10T15:06:50.172Z 1: Discord starting: {"releaseChannel":"stable","version":"0.0.67"}, modulepath: /home/antonioc/.config/discord/0.0.67/modules
2024-09-10T15:06:50.173Z 2: ✅ webContents.created web1 ""
2024-09-10T15:06:50.174Z 3: ✅ window.created win1 "discord"
2024-09-10T15:06:50.405Z 4: ✅ webContents.did-finish-load web1
2024-09-10T15:06:55.923Z 5: window.close win1
2024-09-10T15:06:55.928Z 6: webContents.destroyed web1
