2025-04-15 16:46:00.236 [info] Reading sessions from keychain...
2025-04-15 16:46:00.236 [info] Getting sessions for all scopes...
2025-04-15 16:46:00.236 [info] Getting sessions for all scopes...
2025-04-15 16:46:00.236 [info] Getting sessions for all scopes...
2025-04-15 16:46:00.236 [info] Got stored sessions!
2025-04-15 16:46:00.236 [info] Got 1 verified sessions.
2025-04-15 16:46:00.236 [info] Got 1 sessions for ...
2025-04-15 16:46:00.236 [info] Got 1 sessions for ...
2025-04-15 16:46:00.236 [info] Got 1 sessions for ...
2025-04-15 16:46:00.236 [info] Getting sessions for all scopes...
2025-04-15 16:46:00.236 [info] Got 1 sessions for ...
2025-04-15 16:46:00.236 [info] Getting sessions for all scopes...
2025-04-15 16:46:00.236 [info] Got 1 sessions for ...
2025-04-15 16:46:00.236 [info] Getting sessions for all scopes...
2025-04-15 16:46:00.236 [info] Got 1 sessions for ...
2025-04-15 16:46:00.236 [info] Getting sessions for all scopes...
2025-04-15 16:46:00.236 [info] Got 1 sessions for ...
2025-04-15 16:46:00.236 [info] Getting sessions for all scopes...
2025-04-15 16:46:00.236 [info] Got 1 sessions for ...
2025-04-15 16:46:02.151 [info] Getting sessions for all scopes...
2025-04-15 16:46:02.151 [info] Got 1 sessions for ...
2025-04-15 16:46:09.282 [info] Getting sessions for all scopes...
2025-04-15 16:46:09.282 [info] Got 1 sessions for ...
2025-04-15 16:46:10.486 [info] Getting sessions for read:user,repo,user:email,workflow...
2025-04-15 16:46:10.486 [info] Got 0 sessions for read:user,repo,user:email,workflow...
2025-04-15 16:46:10.505 [info] Getting sessions for all scopes...
2025-04-15 16:46:10.505 [info] Got 1 sessions for ...
2025-04-15 16:46:10.505 [info] Getting sessions for all scopes...
2025-04-15 16:46:10.505 [info] Got 1 sessions for ...
2025-04-15 16:46:10.513 [info] Getting sessions for read:user...
2025-04-15 16:46:10.513 [info] Got 0 sessions for read:user...
2025-04-15 16:46:11.266 [info] Getting sessions for read:user,repo,user:email,workflow...
2025-04-15 16:46:11.266 [info] Got 0 sessions for read:user,repo,user:email,workflow...
2025-04-15 16:46:11.300 [info] Getting sessions for user:email...
2025-04-15 16:46:11.300 [info] Got 1 sessions for user:email...
2025-04-15 16:46:11.304 [info] Getting sessions for user:email...
2025-04-15 16:46:11.304 [info] Got 1 sessions for user:email...
2025-04-15 16:46:11.308 [info] Getting sessions for read:user,repo,user:email,workflow...
2025-04-15 16:46:11.308 [info] Got 0 sessions for read:user,repo,user:email,workflow...
2025-04-15 16:46:11.330 [info] Getting sessions for all scopes...
2025-04-15 16:46:11.330 [info] Got 1 sessions for ...
2025-04-15 16:46:11.331 [info] Getting sessions for read:user,repo,user:email,workflow...
2025-04-15 16:46:11.331 [info] Got 0 sessions for read:user,repo,user:email,workflow...
2025-04-15 16:46:11.333 [info] Getting sessions for user:email...
2025-04-15 16:46:11.333 [info] Got 1 sessions for user:email...
2025-04-15 16:46:11.335 [info] Getting sessions for all scopes...
2025-04-15 16:46:11.335 [info] Got 1 sessions for ...
2025-04-15 16:46:11.348 [info] Getting sessions for read:user,repo,user:email,workflow...
2025-04-15 16:46:11.348 [info] Got 0 sessions for read:user,repo,user:email,workflow...
2025-04-15 16:46:11.349 [info] Getting sessions for user:email...
2025-04-15 16:46:11.349 [info] Got 1 sessions for user:email...
2025-04-15 16:46:11.362 [info] Getting sessions for all scopes...
2025-04-15 16:46:11.362 [info] Got 1 sessions for ...
2025-04-15 16:46:11.376 [info] Getting sessions for read:user,repo,user:email,workflow...
2025-04-15 16:46:11.376 [info] Got 0 sessions for read:user,repo,user:email,workflow...
2025-04-15 16:46:11.377 [info] Getting sessions for user:email...
2025-04-15 16:46:11.377 [info] Got 1 sessions for user:email...
2025-04-15 16:46:11.865 [info] Getting sessions for all scopes...
2025-04-15 16:46:11.865 [info] Got 1 sessions for ...
2025-04-15 16:46:11.865 [info] Getting sessions for all scopes...
2025-04-15 16:46:11.865 [info] Got 1 sessions for ...
2025-04-15 16:46:11.872 [info] Getting sessions for read:user,repo,user:email,workflow...
2025-04-15 16:46:11.872 [info] Got 0 sessions for read:user,repo,user:email,workflow...
2025-04-15 16:46:11.872 [info] Getting sessions for user:email...
2025-04-15 16:46:11.872 [info] Got 1 sessions for user:email...
2025-04-15 16:46:11.872 [info] Getting sessions for read:user,repo,user:email,workflow...
2025-04-15 16:46:11.872 [info] Got 0 sessions for read:user,repo,user:email,workflow...
2025-04-15 16:46:11.875 [info] Getting sessions for all scopes...
2025-04-15 16:46:11.875 [info] Got 1 sessions for ...
2025-04-15 16:46:11.875 [info] Getting sessions for read:user,repo,user:email,workflow...
2025-04-15 16:46:11.876 [info] Got 0 sessions for read:user,repo,user:email,workflow...
2025-04-15 16:46:11.876 [info] Getting sessions for user:email...
2025-04-15 16:46:11.876 [info] Got 1 sessions for user:email...
2025-04-15 16:46:11.938 [info] Getting sessions for all scopes...
2025-04-15 16:46:11.938 [info] Got 1 sessions for ...
2025-04-15 16:46:11.943 [info] Getting sessions for all scopes...
2025-04-15 16:46:11.943 [info] Got 1 sessions for ...
2025-04-15 16:46:11.945 [info] Getting sessions for read:user,repo,user:email,workflow...
2025-04-15 16:46:11.945 [info] Got 0 sessions for read:user,repo,user:email,workflow...
2025-04-15 16:46:11.945 [info] Getting sessions for user:email...
2025-04-15 16:46:11.945 [info] Got 1 sessions for user:email...
2025-04-15 16:46:11.945 [info] Getting sessions for read:user,repo,user:email,workflow...
2025-04-15 16:46:11.945 [info] Got 0 sessions for read:user,repo,user:email,workflow...
2025-04-15 16:46:11.948 [info] Getting sessions for all scopes...
2025-04-15 16:46:11.948 [info] Got 1 sessions for ...
2025-04-15 16:46:11.949 [info] Getting sessions for read:user,repo,user:email,workflow...
2025-04-15 16:46:11.949 [info] Got 0 sessions for read:user,repo,user:email,workflow...
2025-04-15 16:46:11.950 [info] Getting sessions for user:email...
2025-04-15 16:46:11.950 [info] Got 1 sessions for user:email...
2025-04-15 16:46:12.726 [info] Getting sessions for all scopes...
2025-04-15 16:46:12.726 [info] Got 1 sessions for ...
2025-04-15 16:46:12.729 [info] Getting sessions for read:user,repo,user:email,workflow...
2025-04-15 16:46:12.729 [info] Got 0 sessions for read:user,repo,user:email,workflow...
2025-04-15 16:46:12.730 [info] Getting sessions for user:email...
2025-04-15 16:46:12.730 [info] Got 1 sessions for user:email...
2025-04-15 16:46:38.521 [info] Reading sessions from keychain...
2025-04-15 16:46:38.521 [info] Getting sessions for all scopes...
2025-04-15 16:46:38.521 [info] Getting sessions for all scopes...
2025-04-15 16:46:38.521 [info] Got stored sessions!
2025-04-15 16:46:38.521 [info] Got 1 verified sessions.
2025-04-15 16:46:38.521 [info] Got 1 sessions for ...
2025-04-15 16:46:38.521 [info] Got 1 sessions for ...
2025-04-15 16:46:38.521 [info] Getting sessions for all scopes...
2025-04-15 16:46:38.521 [info] Got 1 sessions for ...
2025-04-15 16:46:38.521 [info] Getting sessions for all scopes...
2025-04-15 16:46:38.521 [info] Got 1 sessions for ...
2025-04-15 16:46:38.521 [info] Getting sessions for all scopes...
2025-04-15 16:46:38.521 [info] Got 1 sessions for ...
2025-04-15 16:46:38.521 [info] Getting sessions for all scopes...
2025-04-15 16:46:38.521 [info] Got 1 sessions for ...
2025-04-15 16:46:38.521 [info] Getting sessions for all scopes...
2025-04-15 16:46:38.521 [info] Got 1 sessions for ...
2025-04-15 16:46:39.536 [info] Getting sessions for all scopes...
2025-04-15 16:46:39.536 [info] Got 1 sessions for ...
2025-04-15 16:46:40.726 [info] Getting sessions for all scopes...
2025-04-15 16:46:40.726 [info] Got 1 sessions for ...
2025-04-15 16:46:40.753 [info] Getting sessions for read:user,repo,user:email,workflow...
2025-04-15 16:46:40.753 [info] Got 0 sessions for read:user,repo,user:email,workflow...
2025-04-15 16:46:40.884 [info] Getting sessions for all scopes...
2025-04-15 16:46:40.884 [info] Got 1 sessions for ...
2025-04-15 16:46:40.884 [info] Getting sessions for all scopes...
2025-04-15 16:46:40.884 [info] Got 1 sessions for ...
2025-04-15 16:46:40.955 [info] Getting sessions for read:user...
2025-04-15 16:46:40.955 [info] Got 0 sessions for read:user...
2025-04-15 16:46:40.992 [info] Getting sessions for read:user,repo,user:email,workflow...
2025-04-15 16:46:40.993 [info] Got 0 sessions for read:user,repo,user:email,workflow...
2025-04-15 16:46:41.377 [info] Getting sessions for user:email...
2025-04-15 16:46:41.377 [info] Got 1 sessions for user:email...
2025-04-15 16:46:41.379 [info] Getting sessions for user:email...
2025-04-15 16:46:41.379 [info] Got 1 sessions for user:email...
2025-04-15 16:46:41.379 [info] Getting sessions for read:user,repo,user:email,workflow...
2025-04-15 16:46:41.379 [info] Got 0 sessions for read:user,repo,user:email,workflow...
2025-04-15 16:46:41.385 [info] Getting sessions for all scopes...
2025-04-15 16:46:41.385 [info] Got 1 sessions for ...
2025-04-15 16:46:41.388 [info] Getting sessions for all scopes...
2025-04-15 16:46:41.388 [info] Got 1 sessions for ...
2025-04-15 16:46:42.192 [info] Getting sessions for read:user,repo,user:email,workflow...
2025-04-15 16:46:42.192 [info] Got 0 sessions for read:user,repo,user:email,workflow...
2025-04-15 16:46:42.210 [info] Getting sessions for user:email...
2025-04-15 16:46:42.210 [info] Got 1 sessions for user:email...
2025-04-15 16:46:42.782 [info] Getting sessions for all scopes...
2025-04-15 16:46:42.782 [info] Got 1 sessions for ...
2025-04-15 16:46:42.782 [info] Getting sessions for all scopes...
2025-04-15 16:46:42.782 [info] Got 1 sessions for ...
2025-04-15 16:46:42.791 [info] Getting sessions for read:user,repo,user:email,workflow...
2025-04-15 16:46:42.791 [info] Got 0 sessions for read:user,repo,user:email,workflow...
2025-04-15 16:46:42.791 [info] Getting sessions for user:email...
2025-04-15 16:46:42.791 [info] Got 1 sessions for user:email...
2025-04-15 16:46:42.792 [info] Getting sessions for read:user,repo,user:email,workflow...
2025-04-15 16:46:42.792 [info] Got 0 sessions for read:user,repo,user:email,workflow...
2025-04-15 16:46:42.793 [info] Getting sessions for all scopes...
2025-04-15 16:46:42.794 [info] Got 1 sessions for ...
2025-04-15 16:46:42.795 [info] Getting sessions for read:user,repo,user:email,workflow...
2025-04-15 16:46:42.795 [info] Got 0 sessions for read:user,repo,user:email,workflow...
2025-04-15 16:46:42.795 [info] Getting sessions for user:email...
2025-04-15 16:46:42.795 [info] Got 1 sessions for user:email...
2025-04-15 16:46:42.843 [info] Getting sessions for all scopes...
2025-04-15 16:46:42.843 [info] Got 1 sessions for ...
2025-04-15 16:46:42.844 [info] Getting sessions for all scopes...
2025-04-15 16:46:42.844 [info] Got 1 sessions for ...
2025-04-15 16:46:42.847 [info] Getting sessions for read:user,repo,user:email,workflow...
2025-04-15 16:46:42.847 [info] Got 0 sessions for read:user,repo,user:email,workflow...
2025-04-15 16:46:42.849 [info] Getting sessions for user:email...
2025-04-15 16:46:42.849 [info] Got 1 sessions for user:email...
2025-04-15 16:46:42.849 [info] Getting sessions for read:user,repo,user:email,workflow...
2025-04-15 16:46:42.849 [info] Got 0 sessions for read:user,repo,user:email,workflow...
2025-04-15 16:46:42.855 [info] Getting sessions for all scopes...
2025-04-15 16:46:42.855 [info] Got 1 sessions for ...
2025-04-15 16:46:42.863 [info] Getting sessions for read:user,repo,user:email,workflow...
2025-04-15 16:46:42.863 [info] Got 0 sessions for read:user,repo,user:email,workflow...
2025-04-15 16:46:42.866 [info] Getting sessions for user:email...
2025-04-15 16:46:42.866 [info] Got 1 sessions for user:email...
2025-04-15 16:46:43.388 [info] Getting sessions for all scopes...
2025-04-15 16:46:43.388 [info] Got 1 sessions for ...
2025-04-15 16:46:43.408 [info] Getting sessions for read:user,repo,user:email,workflow...
2025-04-15 16:46:43.408 [info] Got 0 sessions for read:user,repo,user:email,workflow...
2025-04-15 16:46:43.408 [info] Getting sessions for user:email...
2025-04-15 16:46:43.408 [info] Got 1 sessions for user:email...
