2025-03-16 14:50:54.030 [info] Reading sessions from keychain...
2025-03-16 14:50:54.030 [info] Getting sessions for all scopes...
2025-03-16 14:50:54.030 [info] Getting sessions for all scopes...
2025-03-16 14:50:54.030 [info] Getting sessions for all scopes...
2025-03-16 14:50:54.030 [info] Getting sessions for all scopes...
2025-03-16 14:50:54.030 [info] Getting sessions for all scopes...
2025-03-16 14:50:54.030 [info] Getting sessions for all scopes...
2025-03-16 14:50:54.030 [info] Getting sessions for all scopes...
2025-03-16 14:50:54.030 [info] Got stored sessions!
2025-03-16 14:50:54.030 [info] Got 1 verified sessions.
2025-03-16 14:50:54.030 [info] Got 1 sessions for ...
2025-03-16 14:50:54.030 [info] Got 1 sessions for ...
2025-03-16 14:50:54.030 [info] Got 1 sessions for ...
2025-03-16 14:50:54.030 [info] Got 1 sessions for ...
2025-03-16 14:50:54.030 [info] Got 1 sessions for ...
2025-03-16 14:50:54.030 [info] Got 1 sessions for ...
2025-03-16 14:50:54.030 [info] Got 1 sessions for ...
2025-03-16 14:50:55.034 [info] Getting sessions for read:user,repo,user:email,workflow...
2025-03-16 14:50:55.034 [info] Got 0 sessions for read:user,repo,user:email,workflow...
2025-03-16 14:50:55.034 [info] Getting sessions for all scopes...
2025-03-16 14:50:55.034 [info] Got 1 sessions for ...
2025-03-16 14:50:55.034 [info] Getting sessions for all scopes...
2025-03-16 14:50:55.034 [info] Got 1 sessions for ...
2025-03-16 14:50:55.037 [info] Getting sessions for read:user...
2025-03-16 14:50:55.037 [info] Got 0 sessions for read:user...
2025-03-16 14:50:55.037 [info] Getting sessions for read:user,repo,user:email,workflow...
2025-03-16 14:50:55.037 [info] Got 0 sessions for read:user,repo,user:email,workflow...
2025-03-16 14:50:55.038 [info] Getting sessions for user:email...
2025-03-16 14:50:55.038 [info] Got 1 sessions for user:email...
2025-03-16 14:50:55.038 [info] Getting sessions for user:email...
2025-03-16 14:50:55.038 [info] Got 1 sessions for user:email...
2025-03-16 14:50:55.038 [info] Getting sessions for read:user,repo,user:email,workflow...
2025-03-16 14:50:55.038 [info] Got 0 sessions for read:user,repo,user:email,workflow...
2025-03-16 14:50:55.040 [info] Getting sessions for all scopes...
2025-03-16 14:50:55.040 [info] Got 1 sessions for ...
2025-03-16 14:50:55.041 [info] Getting sessions for read:user,repo,user:email,workflow...
2025-03-16 14:50:55.041 [info] Got 0 sessions for read:user,repo,user:email,workflow...
2025-03-16 14:50:55.041 [info] Getting sessions for user:email...
2025-03-16 14:50:55.041 [info] Got 1 sessions for user:email...
2025-03-16 14:50:55.045 [info] Getting sessions for all scopes...
2025-03-16 14:50:55.045 [info] Got 1 sessions for ...
2025-03-16 14:50:55.885 [info] Getting sessions for all scopes...
2025-03-16 14:50:55.886 [info] Got 1 sessions for ...
2025-03-16 14:50:55.887 [info] Getting sessions for read:user,repo,user:email,workflow...
2025-03-16 14:50:55.887 [info] Got 0 sessions for read:user,repo,user:email,workflow...
2025-03-16 14:50:55.888 [info] Getting sessions for user:email...
2025-03-16 14:50:55.888 [info] Got 1 sessions for user:email...
2025-03-16 14:50:56.031 [info] Getting sessions for all scopes...
2025-03-16 14:50:56.031 [info] Got 1 sessions for ...
2025-03-16 14:50:56.032 [info] Getting sessions for read:user,repo,user:email,workflow...
2025-03-16 14:50:56.032 [info] Got 0 sessions for read:user,repo,user:email,workflow...
2025-03-16 14:50:56.032 [info] Getting sessions for user:email...
2025-03-16 14:50:56.032 [info] Got 1 sessions for user:email...
2025-03-16 14:50:56.506 [info] Getting sessions for all scopes...
2025-03-16 14:50:56.506 [info] Got 1 sessions for ...
2025-03-16 14:50:56.506 [info] Getting sessions for all scopes...
2025-03-16 14:50:56.506 [info] Got 1 sessions for ...
2025-03-16 14:50:56.512 [info] Getting sessions for read:user,repo,user:email,workflow...
2025-03-16 14:50:56.512 [info] Got 0 sessions for read:user,repo,user:email,workflow...
2025-03-16 14:50:56.513 [info] Getting sessions for user:email...
2025-03-16 14:50:56.513 [info] Got 1 sessions for user:email...
2025-03-16 14:50:56.513 [info] Getting sessions for read:user,repo,user:email,workflow...
2025-03-16 14:50:56.513 [info] Got 0 sessions for read:user,repo,user:email,workflow...
2025-03-16 14:50:56.514 [info] Getting sessions for all scopes...
2025-03-16 14:50:56.514 [info] Got 1 sessions for ...
2025-03-16 14:50:56.515 [info] Getting sessions for read:user,repo,user:email,workflow...
2025-03-16 14:50:56.515 [info] Got 0 sessions for read:user,repo,user:email,workflow...
2025-03-16 14:50:56.515 [info] Getting sessions for user:email...
2025-03-16 14:50:56.515 [info] Got 1 sessions for user:email...
2025-03-16 14:50:56.552 [info] Getting sessions for all scopes...
2025-03-16 14:50:56.552 [info] Got 1 sessions for ...
2025-03-16 14:50:56.569 [info] Getting sessions for all scopes...
2025-03-16 14:50:56.569 [info] Got 1 sessions for ...
2025-03-16 14:50:56.578 [info] Getting sessions for read:user,repo,user:email,workflow...
2025-03-16 14:50:56.578 [info] Got 0 sessions for read:user,repo,user:email,workflow...
2025-03-16 14:50:56.578 [info] Getting sessions for user:email...
2025-03-16 14:50:56.578 [info] Got 1 sessions for user:email...
2025-03-16 14:50:56.578 [info] Getting sessions for read:user,repo,user:email,workflow...
2025-03-16 14:50:56.579 [info] Got 0 sessions for read:user,repo,user:email,workflow...
2025-03-16 14:50:56.581 [info] Getting sessions for all scopes...
2025-03-16 14:50:56.581 [info] Got 1 sessions for ...
2025-03-16 14:50:56.581 [info] Getting sessions for read:user,repo,user:email,workflow...
2025-03-16 14:50:56.581 [info] Got 0 sessions for read:user,repo,user:email,workflow...
2025-03-16 14:50:56.581 [info] Getting sessions for user:email...
2025-03-16 14:50:56.582 [info] Got 1 sessions for user:email...
2025-03-16 14:50:57.118 [info] Getting sessions for all scopes...
2025-03-16 14:50:57.118 [info] Got 1 sessions for ...
2025-03-16 14:50:57.119 [info] Getting sessions for read:user,repo,user:email,workflow...
2025-03-16 14:50:57.119 [info] Got 0 sessions for read:user,repo,user:email,workflow...
2025-03-16 14:50:57.119 [info] Getting sessions for user:email...
2025-03-16 14:50:57.119 [info] Got 1 sessions for user:email...
