2025-04-15 16:09:28.788 [info] Reading sessions from keychain...
2025-04-15 16:09:28.788 [info] Getting sessions for all scopes...
2025-04-15 16:09:28.788 [info] Getting sessions for all scopes...
2025-04-15 16:09:28.788 [info] Got stored sessions!
2025-04-15 16:09:28.788 [info] Got 1 verified sessions.
2025-04-15 16:09:28.788 [info] Got 1 sessions for ...
2025-04-15 16:09:28.788 [info] Got 1 sessions for ...
2025-04-15 16:09:28.788 [info] Getting sessions for all scopes...
2025-04-15 16:09:28.788 [info] Got 1 sessions for ...
2025-04-15 16:09:28.788 [info] Getting sessions for all scopes...
2025-04-15 16:09:28.788 [info] Got 1 sessions for ...
2025-04-15 16:09:28.788 [info] Getting sessions for all scopes...
2025-04-15 16:09:28.788 [info] Got 1 sessions for ...
2025-04-15 16:09:28.788 [info] Getting sessions for all scopes...
2025-04-15 16:09:28.788 [info] Got 1 sessions for ...
2025-04-15 16:09:28.788 [info] Getting sessions for all scopes...
2025-04-15 16:09:28.788 [info] Got 1 sessions for ...
2025-04-15 16:09:28.818 [info] Getting sessions for all scopes...
2025-04-15 16:09:28.818 [info] Got 1 sessions for ...
2025-04-15 16:09:30.840 [info] Getting sessions for all scopes...
2025-04-15 16:09:30.840 [info] Got 1 sessions for ...
