2025-04-15 16:09:42.126 [info] (Client) Pylance async client (2025.4.1) started with python extension (2025.4.0)
2025-04-15 16:09:42.540 [info] [Info  - 4:09:42 PM] (22433) Server root directory: file:///home/antonioc/.vscode/extensions/ms-python.vscode-pylance-2025.4.1/dist
2025-04-15 16:09:42.540 [info] [Info  - 4:09:42 PM] (22433) Pylance language server 2025.4.1 (pyright version 1.1.398, commit 4f24eccc) starting
2025-04-15 16:09:42.552 [info] [Info  - 4:09:42 PM] (22433) Starting service instance "<default>" for workspace ""
2025-04-15 16:09:42.569 [info] [Info  - 4:09:42 PM] (22433) No include entries specified; assuming /<default workspace root>
2025-04-15 16:09:42.569 [info] [Info  - 4:09:42 PM] (22433) Auto-excluding **/node_modules
2025-04-15 16:09:42.569 [info] [Info  - 4:09:42 PM] (22433) Auto-excluding **/__pycache__
2025-04-15 16:09:42.570 [info] [Info  - 4:09:42 PM] (22433) Auto-excluding **/.*
2025-04-15 16:09:42.604 [info] [Error - 4:09:42 PM] (22433) File or directory "/<default workspace root>" does not exist.
2025-04-15 16:09:42.604 [info] [Info  - 4:09:42 PM] (22433) No source files found.
2025-04-15 16:09:42.625 [info] [Info  - 4:09:42 PM] (22433) No include entries specified; assuming /<default workspace root>
2025-04-15 16:09:42.626 [info] [Info  - 4:09:42 PM] (22433) Auto-excluding **/node_modules
2025-04-15 16:09:42.626 [info] [Info  - 4:09:42 PM] (22433) Auto-excluding **/__pycache__
2025-04-15 16:09:42.626 [info] [Info  - 4:09:42 PM] (22433) Auto-excluding **/.*
2025-04-15 16:09:42.638 [info] [Error - 4:09:42 PM] (22433) File or directory "/<default workspace root>" does not exist.
2025-04-15 16:09:42.639 [info] [Info  - 4:09:42 PM] (22433) No source files found.
2025-04-15 16:09:42.993 [info] [Info  - 4:09:42 PM] (22433) BG: Priority queue background worker(2) root directory: file:///home/antonioc/.vscode/extensions/ms-python.vscode-pylance-2025.4.1/dist
2025-04-15 16:09:42.994 [info] [Info  - 4:09:42 PM] (22433) BG: Priority queue background worker(2) started
2025-04-15 16:09:50.391 [info] [Info  - 4:09:50 PM] Server process exited successfully
2025-04-15 16:09:50.909 [info] (Client) Pylance async client (2025.4.1) started with python extension (2025.4.0)
2025-04-15 16:09:51.313 [info] [Info  - 4:09:51 PM] (22704) Server root directory: file:///home/antonioc/.vscode/extensions/ms-python.vscode-pylance-2025.4.1/dist
2025-04-15 16:09:51.314 [info] [Info  - 4:09:51 PM] (22704) Pylance language server 2025.4.1 (pyright version 1.1.398, commit 4f24eccc) starting
2025-04-15 16:09:51.325 [info] [Info  - 4:09:51 PM] (22704) Starting service instance "<default>" for workspace ""
2025-04-15 16:09:51.339 [info] [Info  - 4:09:51 PM] (22704) No include entries specified; assuming /<default workspace root>
2025-04-15 16:09:51.339 [info] [Info  - 4:09:51 PM] (22704) Auto-excluding **/node_modules
2025-04-15 16:09:51.339 [info] [Info  - 4:09:51 PM] (22704) Auto-excluding **/__pycache__
2025-04-15 16:09:51.339 [info] [Info  - 4:09:51 PM] (22704) Auto-excluding **/.*
2025-04-15 16:09:51.373 [info] [Error - 4:09:51 PM] (22704) File or directory "/<default workspace root>" does not exist.
2025-04-15 16:09:51.373 [info] [Info  - 4:09:51 PM] (22704) No source files found.
2025-04-15 16:09:51.397 [info] [Info  - 4:09:51 PM] (22704) No include entries specified; assuming /<default workspace root>
2025-04-15 16:09:51.398 [info] [Info  - 4:09:51 PM] (22704) Auto-excluding **/node_modules
2025-04-15 16:09:51.398 [info] [Info  - 4:09:51 PM] (22704) Auto-excluding **/__pycache__
2025-04-15 16:09:51.398 [info] [Info  - 4:09:51 PM] (22704) Auto-excluding **/.*
2025-04-15 16:09:51.411 [info] [Error - 4:09:51 PM] (22704) File or directory "/<default workspace root>" does not exist.
2025-04-15 16:09:51.411 [info] [Info  - 4:09:51 PM] (22704) No source files found.
2025-04-15 16:09:51.780 [info] [Info  - 4:09:51 PM] (22704) BG: Priority queue background worker(2) root directory: file:///home/antonioc/.vscode/extensions/ms-python.vscode-pylance-2025.4.1/dist
2025-04-15 16:09:51.781 [info] [Info  - 4:09:51 PM] (22704) BG: Priority queue background worker(2) started
